<?xml version="1.0" encoding="UTF-8"?>
<!-- Generated by org.testng.reporters.JUnitXMLReporter -->
<testsuite hostname="by-df160" ignored="0" name="Test suite" tests="4" failures="1" timestamp="18 Nov 2018 18:03:10 GMT" time="94.772" errors="0">
  <testcase name="buyPerfumeTest" time="39.701" classname="tests.BuyPerfumeTest">
    <skipped/>
  </testcase> <!-- buyPerfumeTest -->
  <testcase name="buyPerfumeTest" time="12.21" classname="tests.BuyPerfumeTest"/>
  <testcase name="buyPerfumeTestFailureScreenshot" time="2.611" classname="tests.BuyPerfumeTest">
    <skipped/>
  </testcase> <!-- buyPerfumeTestFailureScreenshot -->
  <testcase name="buyPerfumeTestFailureScreenshot" time="0.498" classname="tests.BuyPerfumeTest">
    <failure type="java.lang.AssertionError" message="expected [false] but found [true]">
      <![CDATA[java.lang.AssertionError: expected [false] but found [true]
at tests.BuyPerfumeTest.buyPerfumeTestFailureScreenshot(BuyPerfumeTest.java:47)
... Removed 34 stack frames]]>
    </failure>
  </testcase> <!-- buyPerfumeTestFailureScreenshot -->
</testsuite> <!-- Test suite -->
