<!DOCTYPE html PUBLIC "-//W3C//DTD XHTML 1.1//EN" "http://www.w3.org/TR/xhtml11/DTD/xhtml11.dtd">
<html xmlns="http://www.w3.org/1999/xhtml">
<head>
<meta http-equiv="content-type" content="text/html; charset=UTF-8"/>
<title>TestNG Report</title>
<style type="text/css">table {margin-bottom:10px;border-collapse:collapse;empty-cells:show}th,td {border:1px solid #009;padding:.25em .5em}th {vertical-align:bottom}td {vertical-align:top}table a {font-weight:bold}.stripe td {background-color: #E6EBF9}.num {text-align:right}.passedodd td {background-color: #3F3}.passedeven td {background-color: #0A0}.skippedodd td {background-color: #DDD}.skippedeven td {background-color: #CCC}.failedodd td,.attn {background-color: #F33}.failedeven td,.stripe .attn {background-color: #D00}.stacktrace {white-space:pre;font-family:monospace}.totop {font-size:85%;text-align:center;border-bottom:2px solid #000}.invisible {display:none}</style>
</head>
<body>
<table>
<tr><th>Test</th><th># Passed</th><th># Skipped</th><th># Failed</th><th>Time (ms)</th><th>Included Groups</th><th>Excluded Groups</th></tr>
<tr><th colspan="7">Suite</th></tr>
<tr><td><a href="#t0">Test suite</a></td><td class="num">1</td><td class="num attn">2</td><td class="num attn">1</td><td class="num">94,772</td><td></td><td></td></tr>
</table>
<table id='summary'><thead><tr><th>Class</th><th>Method</th><th>Start</th><th>Time (ms)</th></tr></thead><tbody><tr><th colspan="4">Suite</th></tr></tbody><tbody id="t0"><tr><th colspan="4">Test suite &#8212; failed</th></tr><tr class="failedeven"><td rowspan="1">tests.BuyPerfumeTest</td><td><a href="#m0">buyPerfumeTestFailureScreenshot</a></td><td rowspan="1">1542564186749</td><td rowspan="1">498</td></tr><tr><th colspan="4">Test suite &#8212; skipped</th></tr><tr class="skippedeven"><td rowspan="2">tests.BuyPerfumeTest</td><td><a href="#m1">buyPerfumeTest</a></td><td rowspan="1">1542564101468</td><td rowspan="1">39701</td></tr><tr class="skippedeven"><td><a href="#m2">buyPerfumeTestFailureScreenshot</a></td><td rowspan="1">1542564174806</td><td rowspan="1">2611</td></tr><tr><th colspan="4">Test suite &#8212; passed</th></tr><tr class="passedeven"><td rowspan="1">tests.BuyPerfumeTest</td><td><a href="#m3">buyPerfumeTest</a></td><td rowspan="1">1542564146025</td><td rowspan="1">12210</td></tr></tbody>
</table>
<h2>Test suite</h2><h3 id="m0">tests.BuyPerfumeTest#buyPerfumeTestFailureScreenshot</h3><table class="result"><tr><th>Exception</th></tr><tr><td><div class="stacktrace">java.lang.AssertionError: expected [false] but found [true]
	at tests.BuyPerfumeTest.buyPerfumeTestFailureScreenshot(BuyPerfumeTest.java:47)
... Removed 34 stack frames</div></td></tr></table><p class="totop"><a href="#summary">back to summary</a></p>
<h3 id="m1">tests.BuyPerfumeTest#buyPerfumeTest</h3><table class="result"><tr><th>Exception</th></tr><tr><td><div class="stacktrace">org.openqa.selenium.TimeoutException: Expected condition failed: waiting for visibility of [[ChromeDriver: chrome on XP (8f51738573391c0cbb9fb7f938560222)] -&gt; css selector: #htmlData &gt; div.footer.row &gt; div &gt; a] (tried for 10 second(s) with 500 milliseconds interval)
Build info: version: &apos;3.14.0&apos;, revision: &apos;aacccce0&apos;, time: &apos;2018-08-02T20:19:58.91Z&apos;
System info: host: &apos;BY-DF160&apos;, ip: &apos;10.134.22.88&apos;, os.name: &apos;Windows Server 2012 R2&apos;, os.arch: &apos;amd64&apos;, os.version: &apos;6.3&apos;, java.version: &apos;1.8.0_111&apos;
Driver info: org.openqa.selenium.chrome.ChromeDriver
Capabilities {acceptInsecureCerts: false, acceptSslCerts: false, applicationCacheEnabled: false, browserConnectionEnabled: false, browserName: chrome, chrome: {chromedriverVersion: 2.43.600210 (68dcf5eebde371..., userDataDir: C:\Users\emjsw\AppData\Loca...}, cssSelectorsEnabled: true, databaseEnabled: false, goog:chromeOptions: {debuggerAddress: localhost:55670}, handlesAlerts: true, hasTouchScreen: false, javascriptEnabled: true, locationContextEnabled: true, mobileEmulationEnabled: false, nativeEvents: true, networkConnectionEnabled: false, pageLoadStrategy: normal, platform: XP, platformName: XP, rotatable: false, setWindowRect: true, takesHeapSnapshot: true, takesScreenshot: true, unexpectedAlertBehaviour: , unhandledPromptBehavior: , version: 70.0.3538.77, webStorageEnabled: true}
Session ID: 8f51738573391c0cbb9fb7f938560222
	at org.openqa.selenium.support.ui.WebDriverWait.timeoutException(WebDriverWait.java:113)
	at org.openqa.selenium.support.ui.FluentWait.until(FluentWait.java:283)
	at pages.AddtoCart.openCart(AddtoCart.java:38)
	at tests.BuyPerfumeTest.buyPerfumeTest(BuyPerfumeTest.java:32)
... Removed 28 stack frames</div></td></tr></table><p class="totop"><a href="#summary">back to summary</a></p>
<h3 id="m2">tests.BuyPerfumeTest#buyPerfumeTestFailureScreenshot</h3><table class="result"><tr><th>Exception</th></tr><tr><td><div class="stacktrace">java.lang.AssertionError: expected [false] but found [true]
	at tests.BuyPerfumeTest.buyPerfumeTestFailureScreenshot(BuyPerfumeTest.java:47)
... Removed 34 stack frames</div></td></tr></table><p class="totop"><a href="#summary">back to summary</a></p>
<h3 id="m3">tests.BuyPerfumeTest#buyPerfumeTest</h3><table class="result"><tr><th class="invisible"/></tr></table><p class="totop"><a href="#summary">back to summary</a></p>
</body>
</html>
